<?xml version="1.0" encoding="UTF-8"?>
<testsuite name="com.example.configurationserver.ConfigurationServerApplicationTests" tests="1" skipped="0" failures="0" errors="0" timestamp="2020-07-12T14:39:13" hostname="seal-Latitude-E5250" time="0.366">
  <properties/>
  <testcase name="contextLoads()" classname="com.example.configurationserver.ConfigurationServerApplicationTests" time="0.366"/>
  <system-out><![CDATA[10:39:07.445 [Test worker] DEBUG org.springframework.test.context.BootstrapUtils - Instantiating CacheAwareContextLoaderDelegate from class [org.springframework.test.context.cache.DefaultCacheAwareContextLoaderDelegate]
10:39:07.462 [Test worker] DEBUG org.springframework.test.context.BootstrapUtils - Instantiating BootstrapContext using constructor [public org.springframework.test.context.support.DefaultBootstrapContext(java.lang.Class,org.springframework.test.context.CacheAwareContextLoaderDelegate)]
10:39:07.500 [Test worker] DEBUG org.springframework.test.context.BootstrapUtils - Instantiating TestContextBootstrapper for test class [com.example.configurationserver.ConfigurationServerApplicationTests] from class [org.springframework.boot.test.context.SpringBootTestContextBootstrapper]
10:39:07.520 [Test worker] INFO org.springframework.boot.test.context.SpringBootTestContextBootstrapper - Neither @ContextConfiguration nor @ContextHierarchy found for test class [com.example.configurationserver.ConfigurationServerApplicationTests], using SpringBootContextLoader
10:39:07.525 [Test worker] DEBUG org.springframework.test.context.support.AbstractContextLoader - Did not detect default resource location for test class [com.example.configurationserver.ConfigurationServerApplicationTests]: class path resource [com/example/configurationserver/ConfigurationServerApplicationTests-context.xml] does not exist
10:39:07.526 [Test worker] DEBUG org.springframework.test.context.support.AbstractContextLoader - Did not detect default resource location for test class [com.example.configurationserver.ConfigurationServerApplicationTests]: class path resource [com/example/configurationserver/ConfigurationServerApplicationTestsContext.groovy] does not exist
10:39:07.527 [Test worker] INFO org.springframework.test.context.support.AbstractContextLoader - Could not detect default resource locations for test class [com.example.configurationserver.ConfigurationServerApplicationTests]: no resource found for suffixes {-context.xml, Context.groovy}.
10:39:07.528 [Test worker] INFO org.springframework.test.context.support.AnnotationConfigContextLoaderUtils - Could not detect default configuration classes for test class [com.example.configurationserver.ConfigurationServerApplicationTests]: ConfigurationServerApplicationTests does not declare any static, non-private, non-final, nested classes annotated with @Configuration.
10:39:07.582 [Test worker] DEBUG org.springframework.test.context.support.ActiveProfilesUtils - Could not find an 'annotation declaring class' for annotation type [org.springframework.test.context.ActiveProfiles] and class [com.example.configurationserver.ConfigurationServerApplicationTests]
10:39:07.668 [Test worker] DEBUG org.springframework.context.annotation.ClassPathScanningCandidateComponentProvider - Identified candidate component class: file [/home/seal/Documents/configuration-server/build/classes/java/main/com/example/configurationserver/ConfigurationServerApplication.class]
10:39:07.669 [Test worker] INFO org.springframework.boot.test.context.SpringBootTestContextBootstrapper - Found @SpringBootConfiguration com.example.configurationserver.ConfigurationServerApplication for test class com.example.configurationserver.ConfigurationServerApplicationTests
10:39:07.777 [Test worker] DEBUG org.springframework.boot.test.context.SpringBootTestContextBootstrapper - @TestExecutionListeners is not present for class [com.example.configurationserver.ConfigurationServerApplicationTests]: using defaults.
10:39:07.778 [Test worker] INFO org.springframework.boot.test.context.SpringBootTestContextBootstrapper - Loaded default TestExecutionListener class names from location [META-INF/spring.factories]: [org.springframework.boot.test.autoconfigure.restdocs.RestDocsTestExecutionListener, org.springframework.boot.test.autoconfigure.web.client.MockRestServiceServerResetTestExecutionListener, org.springframework.boot.test.autoconfigure.web.servlet.MockMvcPrintOnlyOnFailureTestExecutionListener, org.springframework.boot.test.autoconfigure.web.servlet.WebDriverTestExecutionListener, org.springframework.boot.test.autoconfigure.webservices.client.MockWebServiceServerTestExecutionListener, org.springframework.boot.test.mock.mockito.MockitoTestExecutionListener, org.springframework.boot.test.mock.mockito.ResetMocksTestExecutionListener, org.springframework.test.context.web.ServletTestExecutionListener, org.springframework.test.context.support.DirtiesContextBeforeModesTestExecutionListener, org.springframework.test.context.support.DependencyInjectionTestExecutionListener, org.springframework.test.context.support.DirtiesContextTestExecutionListener, org.springframework.test.context.transaction.TransactionalTestExecutionListener, org.springframework.test.context.jdbc.SqlScriptsTestExecutionListener, org.springframework.test.context.event.EventPublishingTestExecutionListener]
10:39:07.791 [Test worker] DEBUG org.springframework.boot.test.context.SpringBootTestContextBootstrapper - Skipping candidate TestExecutionListener [org.springframework.test.context.transaction.TransactionalTestExecutionListener] due to a missing dependency. Specify custom listener classes or make the default listener classes and their required dependencies available. Offending class: [org/springframework/transaction/interceptor/TransactionAttributeSource]
10:39:07.792 [Test worker] DEBUG org.springframework.boot.test.context.SpringBootTestContextBootstrapper - Skipping candidate TestExecutionListener [org.springframework.test.context.jdbc.SqlScriptsTestExecutionListener] due to a missing dependency. Specify custom listener classes or make the default listener classes and their required dependencies available. Offending class: [org/springframework/transaction/interceptor/TransactionAttribute]
10:39:07.793 [Test worker] INFO org.springframework.boot.test.context.SpringBootTestContextBootstrapper - Using TestExecutionListeners: [org.springframework.test.context.web.ServletTestExecutionListener@2092a329, org.springframework.test.context.support.DirtiesContextBeforeModesTestExecutionListener@41fd0e56, org.springframework.boot.test.mock.mockito.MockitoTestExecutionListener@306251e9, org.springframework.boot.test.autoconfigure.SpringBootDependencyInjectionTestExecutionListener@9d26af, org.springframework.test.context.support.DirtiesContextTestExecutionListener@3523467e, org.springframework.test.context.event.EventPublishingTestExecutionListener@1c057132, org.springframework.boot.test.autoconfigure.restdocs.RestDocsTestExecutionListener@3eca9642, org.springframework.boot.test.autoconfigure.web.client.MockRestServiceServerResetTestExecutionListener@578b776a, org.springframework.boot.test.autoconfigure.web.servlet.MockMvcPrintOnlyOnFailureTestExecutionListener@78b4db53, org.springframework.boot.test.autoconfigure.web.servlet.WebDriverTestExecutionListener@4f8fb996, org.springframework.boot.test.autoconfigure.webservices.client.MockWebServiceServerTestExecutionListener@251d5ea3, org.springframework.boot.test.mock.mockito.ResetMocksTestExecutionListener@29214d4d]
10:39:07.798 [Test worker] DEBUG org.springframework.test.context.support.AbstractDirtiesContextTestExecutionListener - Before test class: context [DefaultTestContext@1aba8079 testClass = ConfigurationServerApplicationTests, testInstance = [null], testMethod = [null], testException = [null], mergedContextConfiguration = [WebMergedContextConfiguration@22fd0d36 testClass = ConfigurationServerApplicationTests, locations = '{}', classes = '{class com.example.configurationserver.ConfigurationServerApplication}', contextInitializerClasses = '[]', activeProfiles = '{}', propertySourceLocations = '{}', propertySourceProperties = '{org.springframework.boot.test.context.SpringBootTestContextBootstrapper=true}', contextCustomizers = set[org.springframework.boot.test.autoconfigure.properties.PropertyMappingContextCustomizer@0, org.springframework.boot.test.autoconfigure.web.servlet.WebDriverContextCustomizerFactory$Customizer@c20cc00, org.springframework.boot.test.context.filter.ExcludeFilterContextCustomizer@68dbee9f, org.springframework.boot.test.json.DuplicateJsonObjectContextCustomizerFactory$DuplicateJsonObjectContextCustomizer@13f457db, org.springframework.boot.test.mock.mockito.MockitoContextCustomizer@0, org.springframework.boot.test.web.client.TestRestTemplateContextCustomizer@14d1404d, org.springframework.boot.test.context.SpringBootTestArgs@1], resourceBasePath = 'src/main/webapp', contextLoader = 'org.springframework.boot.test.context.SpringBootContextLoader', parent = [null]], attributes = map['org.springframework.test.context.web.ServletTestExecutionListener.activateListener' -> true]], class annotated with @DirtiesContext [false] with mode [null].
10:39:07.841 [Test worker] DEBUG org.springframework.test.context.support.TestPropertySourceUtils - Adding inlined properties to environment: {spring.jmx.enabled=false, org.springframework.boot.test.context.SpringBootTestContextBootstrapper=true}

  .   ____          _            __ _ _
 /\\ / ___'_ __ _ _(_)_ __  __ _ \ \ \ \
( ( )\___ | '_ | '_| | '_ \/ _` | \ \ \ \
 \\/  ___)| |_)| | | | | || (_| |  ) ) ) )
  '  |____| .__|_| |_|_| |_\__, | / / / /
 =========|_|==============|___/=/_/_/_/
 :: Spring Boot ::        (v2.3.1.RELEASE)

2020-07-12 10:39:09.111  INFO 11662 --- [    Test worker] .e.c.ConfigurationServerApplicationTests : No active profile set, falling back to default profiles: default
2020-07-12 10:39:11.000  INFO 11662 --- [    Test worker] o.s.cloud.context.scope.GenericScope     : BeanFactory id=2cd73f2c-fa62-3a82-aa9e-4c5d488aa8a9
2020-07-12 10:39:12.344  INFO 11662 --- [    Test worker] o.s.s.concurrent.ThreadPoolTaskExecutor  : Initializing ExecutorService 'applicationTaskExecutor'
2020-07-12 10:39:13.270  INFO 11662 --- [    Test worker] o.s.b.a.e.web.EndpointLinksResolver      : Exposing 2 endpoint(s) beneath base path '/actuator'
2020-07-12 10:39:13.357  INFO 11662 --- [    Test worker] .e.c.ConfigurationServerApplicationTests : Started ConfigurationServerApplicationTests in 5.504 seconds (JVM running for 6.944)
]]></system-out>
  <system-err><![CDATA[]]></system-err>
</testsuite>
